<?xml version="1.0" encoding="UTF-8"?>
<!-- Generated by org.testng.reporters.JUnitXMLReporter -->
<testsuite ignored="1" hostname="192.168.0.101" failures="0" tests="1" name="Default test" time="35.292" errors="0" timestamp="2022-02-12T22:43:23 IST">
  <testcase classname="TestCase.TickerTapeAssignmentTwo" name="amzScenario" time="20.073"/>
  <testcase classname="TestCase.TickerTapeAssignmentTwo" name="fkpScenario" time="0.0">
    <ignored/>
  </testcase> <!-- fkpScenario -->
</testsuite> <!-- Default test -->
