<?xml version="1.0" encoding="UTF-8"?>
<testng-results ignored="0" total="2" passed="2" failed="0" skipped="0">
  <reporter-output>
  </reporter-output>
  <suite started-at="2022-02-13T20:40:34 IST" name="Suite" finished-at="2022-02-13T20:42:06 IST" duration-ms="91971">
    <groups>
    </groups>
    <test started-at="2022-02-13T20:40:34 IST" name="Test" finished-at="2022-02-13T20:42:06 IST" duration-ms="91971">
      <class name="TestCase.TickerTapeAssignmentOne">
        <test-method is-config="true" signature="initConfiguration()[pri:0, instance:TestCase.TickerTapeAssignmentOne@6dbb137d]" started-at="2022-02-13T20:40:34 IST" name="initConfiguration" finished-at="2022-02-13T20:40:49 IST" duration-ms="15082" status="PASS">
          <reporter-output>
          </reporter-output>
        </test-method> <!-- initConfiguration -->
        <test-method signature="runScenarioOne()[pri:0, instance:TestCase.TickerTapeAssignmentOne@6dbb137d]" started-at="2022-02-13T20:40:49 IST" name="runScenarioOne" finished-at="2022-02-13T20:41:04 IST" duration-ms="15325" status="PASS">
          <reporter-output>
          </reporter-output>
        </test-method> <!-- runScenarioOne -->
        <test-method is-config="true" signature="quitBrowser()[pri:0, instance:TestCase.TickerTapeAssignmentOne@6dbb137d]" started-at="2022-02-13T20:41:04 IST" name="quitBrowser" finished-at="2022-02-13T20:41:04 IST" duration-ms="177" status="PASS">
          <reporter-output>
          </reporter-output>
        </test-method> <!-- quitBrowser -->
      </class> <!-- TestCase.TickerTapeAssignmentOne -->
      <class name="TestCase.TickerTapeAssignmentTwo">
        <test-method is-config="true" signature="initConfiguration()[pri:0, instance:TestCase.TickerTapeAssignmentTwo@78e117e3]" started-at="2022-02-13T20:41:04 IST" name="initConfiguration" finished-at="2022-02-13T20:41:06 IST" duration-ms="1811" status="PASS">
          <reporter-output>
          </reporter-output>
        </test-method> <!-- initConfiguration -->
        <test-method signature="fkpScenario()[pri:0, instance:TestCase.TickerTapeAssignmentTwo@78e117e3]" started-at="2022-02-13T20:41:06 IST" name="fkpScenario" finished-at="2022-02-13T20:42:06 IST" duration-ms="59267" status="PASS">
          <reporter-output>
          </reporter-output>
        </test-method> <!-- fkpScenario -->
        <test-method is-config="true" signature="quitBrowser()[pri:0, instance:TestCase.TickerTapeAssignmentTwo@78e117e3]" started-at="2022-02-13T20:42:06 IST" name="quitBrowser" finished-at="2022-02-13T20:42:06 IST" duration-ms="238" status="PASS">
          <reporter-output>
          </reporter-output>
        </test-method> <!-- quitBrowser -->
      </class> <!-- TestCase.TickerTapeAssignmentTwo -->
    </test> <!-- Test -->
  </suite> <!-- Suite -->
</testng-results>
