<?xml version="1.0" encoding="UTF-8"?>
<testng-results ignored="1" total="2" passed="1" failed="0" skipped="0">
  <reporter-output>
  </reporter-output>
  <suite started-at="2022-02-13T07:56:25 IST" name="Default suite" finished-at="2022-02-13T07:56:56 IST" duration-ms="30246">
    <groups>
    </groups>
    <test started-at="2022-02-13T07:56:25 IST" name="Default test" finished-at="2022-02-13T07:56:56 IST" duration-ms="30246">
      <class name="TestCase.TickerTapeAssignmentTwo">
        <test-method is-config="true" signature="initConfiguration()[pri:0, instance:TestCase.TickerTapeAssignmentTwo@318ba8c8]" started-at="2022-02-13T07:56:25 IST" name="initConfiguration" finished-at="2022-02-13T07:56:44 IST" duration-ms="18535" status="PASS">
          <reporter-output>
          </reporter-output>
        </test-method> <!-- initConfiguration -->
        <test-method signature="amzScenario()[pri:1, instance:TestCase.TickerTapeAssignmentTwo@318ba8c8]" started-at="2022-02-13T07:56:44 IST" name="amzScenario" finished-at="2022-02-13T07:56:55 IST" duration-ms="11496" status="PASS">
          <reporter-output>
          </reporter-output>
        </test-method> <!-- amzScenario -->
        <test-method is-config="true" signature="quitBrowser()[pri:0, instance:TestCase.TickerTapeAssignmentTwo@318ba8c8]" started-at="2022-02-13T07:56:55 IST" name="quitBrowser" finished-at="2022-02-13T07:56:56 IST" duration-ms="159" status="PASS">
          <reporter-output>
          </reporter-output>
        </test-method> <!-- quitBrowser -->
      </class> <!-- TestCase.TickerTapeAssignmentTwo -->
    </test> <!-- Default test -->
  </suite> <!-- Default suite -->
</testng-results>
